<?xml version="1.0" encoding="UTF-8"?>
<!-- Generated by org.testng.reporters.JUnitXMLReporter -->
<testsuite ignored="0" hostname="LEG-5CG5264MFQ" failures="0" tests="3" name="Default test" time="27.071" errors="0" timestamp="2025-12-02T13:12:26 EET">
  <testcase classname="tests.Testcase3_DashboardTest" name="UserCanLoginSuccessfully" time="1.646"/>
  <testcase classname="tests.Testcase3_DashboardTest" name="AddProductTocard" time="5.276"/>
  <testcase classname="tests.Testcase3_DashboardTest" name="shoppingCartPage" time="15.693"/>
</testsuite> <!-- Default test -->
