<?xml version="1.0" encoding="UTF-8"?>
<!-- Generated by org.testng.reporters.JUnitXMLReporter -->
<testsuite ignored="0" hostname="LEG-5CG5264MFQ" failures="0" tests="4" name="Default test" time="15.388" errors="0" timestamp="2025-12-31T16:48:14 EET">
  <testcase classname="tests.Testcase10_RemoveProductTest" name="UserCanLoginSuccessfully" time="1.605"/>
  <testcase classname="tests.Testcase10_RemoveProductTest" name="AddFirstProductTocart" time="2.727"/>
  <testcase classname="tests.Testcase10_RemoveProductTest" name="addSecondProductTocart" time="1.75"/>
  <testcase classname="tests.Testcase10_RemoveProductTest" name="removefromShoppingCart" time="4.723"/>
</testsuite> <!-- Default test -->
