<?xml version="1.0" encoding="UTF-8"?>
<!-- Generated by org.testng.reporters.JUnitXMLReporter -->
<testsuite ignored="3" hostname="LEG-5CG5264MFQ" failures="1" tests="7" name="Run Regression Group" time="47.712" errors="0" timestamp="2025-12-05T12:08:51 EET">
  <testcase classname="tests.Testcase3_DashboardTest" name="UserCanLoginSuccessfully" time="1.619"/>
  <testcase classname="tests.Testcase3_DashboardTest" name="AddProductTocard" time="5.659"/>
  <testcase classname="tests.Testcase3_DashboardTest" name="shoppingCartPage" time="8.445">
    <failure type="org.openqa.selenium.ElementNotInteractableException" message="element not interactable: Element is not currently visible and may not be manipulated
  (Session info: chrome=142.0.7444.176)
Build info: version: &amp;apos;4.37.0&amp;apos;, revision: &amp;apos;3c1da1e342&amp;apos;
System info: os.name: &amp;apos;Windows 11&amp;apos;, os.arch: &amp;apos;amd64&amp;apos;, os.version: &amp;apos;10.0&amp;apos;, java.version: &amp;apos;21.0.8&amp;apos;
Driver info: org.openqa.selenium.chrome.ChromeDriver
Command: [3848772299156080e2862edb4b662128, clickElement {id=f.C6BEC1524A060A0F7D9D9BE2154B242F.d.4407EA0178E4D1A6F9BFED3B2DDBD794.e.146}]
Capabilities {acceptInsecureCerts: false, browserName: chrome, browserVersion: 142.0.7444.176, chrome: {chromedriverVersion: 141.0.7390.78 (2b53b0e231fc..., userDataDir: C:\Users\mahelmy\AppData\Lo...}, fedcm:accounts: true, goog:chromeOptions: {debuggerAddress: localhost:60408}, networkConnectionEnabled: false, pageLoadStrategy: normal, platformName: windows, proxy: Proxy(), se:cdp: ws://localhost:60408/devtoo..., se:cdpVersion: 142.0.7444.176, setWindowRect: true, strictFileInteractability: false, timeouts: {implicit: 0, pageLoad: 300000, script: 30000}, unhandledPromptBehavior: dismiss and notify, webauthn:extension:credBlob: true, webauthn:extension:largeBlob: true, webauthn:extension:minPinLength: true, webauthn:extension:prf: true, webauthn:virtualAuthenticators: true}
Element: [[[[ChromeDriver: chrome on windows (3848772299156080e2862edb4b662128)] -&amp;gt; id: BillingNewAddress_CountryId]] -&amp;gt; xpath: .//option[normalize-space(.) = &amp;quot;Egypt&amp;quot;]]
Session ID: 3848772299156080e2862edb4b662128">
      <![CDATA[org.openqa.selenium.ElementNotInteractableException: element not interactable: Element is not currently visible and may not be manipulated
  (Session info: chrome=142.0.7444.176)
Build info: version: '4.37.0', revision: '3c1da1e342'
System info: os.name: 'Windows 11', os.arch: 'amd64', os.version: '10.0', java.version: '21.0.8'
Driver info: org.openqa.selenium.chrome.ChromeDriver
Command: [3848772299156080e2862edb4b662128, clickElement {id=f.C6BEC1524A060A0F7D9D9BE2154B242F.d.4407EA0178E4D1A6F9BFED3B2DDBD794.e.146}]
Capabilities {acceptInsecureCerts: false, browserName: chrome, browserVersion: 142.0.7444.176, chrome: {chromedriverVersion: 141.0.7390.78 (2b53b0e231fc..., userDataDir: C:\Users\mahelmy\AppData\Lo...}, fedcm:accounts: true, goog:chromeOptions: {debuggerAddress: localhost:60408}, networkConnectionEnabled: false, pageLoadStrategy: normal, platformName: windows, proxy: Proxy(), se:cdp: ws://localhost:60408/devtoo..., se:cdpVersion: 142.0.7444.176, setWindowRect: true, strictFileInteractability: false, timeouts: {implicit: 0, pageLoad: 300000, script: 30000}, unhandledPromptBehavior: dismiss and notify, webauthn:extension:credBlob: true, webauthn:extension:largeBlob: true, webauthn:extension:minPinLength: true, webauthn:extension:prf: true, webauthn:virtualAuthenticators: true}
Element: [[[[ChromeDriver: chrome on windows (3848772299156080e2862edb4b662128)] -> id: BillingNewAddress_CountryId]] -> xpath: .//option[normalize-space(.) = "Egypt"]]
Session ID: 3848772299156080e2862edb4b662128
at org.openqa.selenium.remote.ErrorCodec.decode(ErrorCodec.java:167)
at org.openqa.selenium.remote.codec.w3c.W3CHttpResponseCodec.decode(W3CHttpResponseCodec.java:138)
at org.openqa.selenium.remote.codec.w3c.W3CHttpResponseCodec.decode(W3CHttpResponseCodec.java:50)
at org.openqa.selenium.remote.HttpCommandExecutor.execute(HttpCommandExecutor.java:215)
at org.openqa.selenium.remote.service.DriverCommandExecutor.invokeExecute(DriverCommandExecutor.java:216)
at org.openqa.selenium.remote.service.DriverCommandExecutor.execute(DriverCommandExecutor.java:174)
at org.openqa.selenium.remote.RemoteWebDriver.execute(RemoteWebDriver.java:557)
at org.openqa.selenium.remote.RemoteWebElement.execute(RemoteWebElement.java:223)
at org.openqa.selenium.remote.RemoteWebElement.click(RemoteWebElement.java:76)
at org.openqa.selenium.support.ui.Select.setSelected(Select.java:330)
at org.openqa.selenium.support.ui.Select.selectByVisibleText(Select.java:355)
at org.openqa.selenium.support.ui.Select.selectByVisibleText(Select.java:125)
at pageObject.Checkoutpage.billingaddress(Checkoutpage.java:58)
at tests.Testcase3_DashboardTest.shoppingCartPage(Testcase3_DashboardTest.java:60)
at java.base/java.util.ArrayList.forEach(ArrayList.java:1596)
... Removed 28 stack frames]]>
    </failure>
  </testcase> <!-- shoppingCartPage -->
  <testcase classname="tests.Testcase4_SendEmailTest" name="UserCanLoginSuccessfully" time="1.515"/>
  <testcase classname="tests.Testcase4_SendEmailTest" name="UserCanSendEmailSuccessfully" time="12.641"/>
  <testcase classname="tests.Testcase6_WishlistTest" name="UserCanLoginSuccessfully" time="1.59"/>
  <testcase classname="tests.Testcase6_WishlistTest" name="selectItem" time="2.132"/>
  <testcase classname="tests.Testcase5_ContactUsTest" name="User_can_contactUs" time="0.0">
    <ignored/>
  </testcase> <!-- User_can_contactUs -->
  <testcase classname="tests.Testcase2_LoginTest" name="UserCanloginuccessfully" time="0.0">
    <ignored/>
  </testcase> <!-- UserCanloginuccessfully -->
  <testcase classname="tests.Testcase1_RegisterTest" name="UserCanRegisterSuccessfully" time="0.0">
    <ignored/>
  </testcase> <!-- UserCanRegisterSuccessfully -->
</testsuite> <!-- Run Regression Group -->
