<?xml version="1.0" encoding="UTF-8"?>
<!-- Generated by org.testng.reporters.JUnitXMLReporter -->
<testsuite ignored="2" hostname="LEG-5CG5264MFQ" failures="0" tests="3" name="Run Regression Group" time="31.806" errors="0" timestamp="2025-11-11T22:59:09 EET">
  <testcase classname="tests.Testcase3_DashboardTest" name="UserCanRegisterSuccessfully" time="2.795"/>
  <testcase classname="tests.Testcase3_DashboardTest" name="AddProductTocard" time="5.214"/>
  <testcase classname="tests.Testcase3_DashboardTest" name="shoppingCartPage" time="18.376"/>
  <testcase classname="tests.Testcase2_LoginTest" name="UserCanloginuccessfully" time="0.0">
    <ignored/>
  </testcase> <!-- UserCanloginuccessfully -->
  <testcase classname="tests.Testcase1_RegisterTest" name="UserCanRegisterSuccessfully" time="0.0">
    <ignored/>
  </testcase> <!-- UserCanRegisterSuccessfully -->
</testsuite> <!-- Run Regression Group -->
