<?xml version="1.0" encoding="UTF-8"?>
<!-- Generated by org.testng.reporters.JUnitXMLReporter -->
<testsuite ignored="0" hostname="LEG-5CG5264MFQ" failures="0" tests="3" name="StandaloneTet" time="29.427" errors="0" timestamp="2025-11-11T19:28:12 EET">
  <testcase classname="tests.Testcase3_DashboardTest" name="UserCanRegisterSuccessfully" time="4.671"/>
  <testcase classname="tests.Testcase3_DashboardTest" name="AddProductTocard" time="5.324"/>
  <testcase classname="tests.Testcase3_DashboardTest" name="shoppingCartPage" time="19.378"/>
</testsuite> <!-- StandaloneTet -->
