<?xml version="1.0" encoding="UTF-8"?>
<!-- Generated by org.testng.reporters.JUnitXMLReporter -->
<testsuite ignored="2" hostname="LEG-5CG5264MFQ" failures="0" tests="1" name="Test" time="3.342" errors="0" timestamp="2025-11-11T19:23:34 EET">
  <testcase classname="tests.Testcase1_RegisterTest" name="UserCanRegisterSuccessfully" time="3.29"/>
  <testcase classname="tests.TestBase" name="@BeforeSuite launchApplication" time="0.0">
    <ignored/>
  </testcase> <!-- @BeforeSuite launchApplication -->
  <testcase classname="tests.TestBase" name="@BeforeSuite launchApplication" time="0.0">
    <ignored/>
  </testcase> <!-- @BeforeSuite launchApplication -->
</testsuite> <!-- Test -->
