<?xml version="1.0" encoding="UTF-8"?>
<testng-results ignored="0" total="3" passed="3" failed="0" skipped="0">
  <reporter-output>
  </reporter-output>
  <suite started-at="2025-12-02T13:11:59 EET" name="Default suite" finished-at="2025-12-02T13:12:26 EET" duration-ms="27071">
    <groups>
      <group name="Regression">
        <method signature="Testcase3_DashboardTest.UserCanLoginSuccessfully()[pri:1, instance:tests.Testcase3_DashboardTest@61322f9d]" name="UserCanLoginSuccessfully" class="tests.Testcase3_DashboardTest"/>
        <method signature="Testcase3_DashboardTest.AddProductTocard()[pri:2, instance:tests.Testcase3_DashboardTest@61322f9d]" name="AddProductTocard" class="tests.Testcase3_DashboardTest"/>
        <method signature="Testcase3_DashboardTest.shoppingCartPage()[pri:3, instance:tests.Testcase3_DashboardTest@61322f9d]" name="shoppingCartPage" class="tests.Testcase3_DashboardTest"/>
      </group> <!-- Regression -->
    </groups>
    <test started-at="2025-12-02T13:11:59 EET" name="Default test" finished-at="2025-12-02T13:12:26 EET" duration-ms="27071">
      <class name="tests.Testcase3_DashboardTest">
        <test-method is-config="true" signature="launchApplication()[pri:0, instance:tests.Testcase3_DashboardTest@61322f9d]" started-at="2025-12-02T13:11:59 EET" name="launchApplication" finished-at="2025-12-02T13:12:03 EET" duration-ms="4018" status="PASS">
          <reporter-output>
          </reporter-output>
        </test-method> <!-- launchApplication -->
        <test-method signature="UserCanLoginSuccessfully()[pri:1, instance:tests.Testcase3_DashboardTest@61322f9d]" started-at="2025-12-02T13:12:03 EET" name="UserCanLoginSuccessfully" finished-at="2025-12-02T13:12:05 EET" duration-ms="1646" status="PASS">
          <reporter-output>
          </reporter-output>
        </test-method> <!-- UserCanLoginSuccessfully -->
        <test-method signature="AddProductTocard()[pri:2, instance:tests.Testcase3_DashboardTest@61322f9d]" started-at="2025-12-02T13:12:05 EET" name="AddProductTocard" finished-at="2025-12-02T13:12:10 EET" duration-ms="5276" status="PASS">
          <reporter-output>
          </reporter-output>
        </test-method> <!-- AddProductTocard -->
        <test-method signature="shoppingCartPage()[pri:3, instance:tests.Testcase3_DashboardTest@61322f9d]" started-at="2025-12-02T13:12:10 EET" name="shoppingCartPage" finished-at="2025-12-02T13:12:26 EET" duration-ms="15693" status="PASS">
          <reporter-output>
          </reporter-output>
        </test-method> <!-- shoppingCartPage -->
        <test-method is-config="true" signature="closeApplication()[pri:0, instance:tests.Testcase3_DashboardTest@61322f9d]" started-at="2025-12-02T13:12:26 EET" name="closeApplication" finished-at="2025-12-02T13:12:26 EET" duration-ms="383" status="PASS">
          <reporter-output>
          </reporter-output>
        </test-method> <!-- closeApplication -->
      </class> <!-- tests.Testcase3_DashboardTest -->
    </test> <!-- Default test -->
  </suite> <!-- Default suite -->
</testng-results>
