<?xml version="1.0" encoding="UTF-8"?>
<testng-results ignored="0" total="2" passed="2" failed="0" skipped="0">
  <reporter-output>
  </reporter-output>
  <suite started-at="2025-12-05T17:09:05 EET" name="Default suite" finished-at="2025-12-05T17:09:18 EET" duration-ms="12513">
    <groups>
    </groups>
    <test started-at="2025-12-05T17:09:05 EET" name="Default test" finished-at="2025-12-05T17:09:18 EET" duration-ms="12513">
      <class name="tests.Testcase9_TestAPI">
        <test-method is-config="true" signature="launchApplication()[pri:0, instance:tests.Testcase9_TestAPI@41f69e84]" started-at="2025-12-05T17:09:05 EET" name="launchApplication" finished-at="2025-12-05T17:09:12 EET" duration-ms="6655" status="PASS">
          <reporter-output>
          </reporter-output>
        </test-method> <!-- launchApplication -->
        <test-method signature="UserCanLoginSuccessfully()[pri:1, instance:tests.Testcase9_TestAPI@41f69e84]" started-at="2025-12-05T17:09:12 EET" name="UserCanLoginSuccessfully" finished-at="2025-12-05T17:09:15 EET" duration-ms="2882" status="PASS">
          <reporter-output>
          </reporter-output>
        </test-method> <!-- UserCanLoginSuccessfully -->
        <test-method signature="identifyStatusCode()[pri:2, instance:tests.Testcase9_TestAPI@41f69e84]" started-at="2025-12-05T17:09:15 EET" name="identifyStatusCode" finished-at="2025-12-05T17:09:17 EET" duration-ms="2344" status="PASS">
          <reporter-output>
          </reporter-output>
        </test-method> <!-- identifyStatusCode -->
        <test-method is-config="true" signature="closeApplication()[pri:0, instance:tests.Testcase9_TestAPI@41f69e84]" started-at="2025-12-05T17:09:17 EET" name="closeApplication" finished-at="2025-12-05T17:09:18 EET" duration-ms="400" status="PASS">
          <reporter-output>
          </reporter-output>
        </test-method> <!-- closeApplication -->
      </class> <!-- tests.Testcase9_TestAPI -->
    </test> <!-- Default test -->
  </suite> <!-- Default suite -->
</testng-results>
