<?xml version="1.0" encoding="UTF-8"?>
<testng-results ignored="0" total="1" passed="1" failed="0" skipped="0">
  <reporter-output>
  </reporter-output>
  <suite started-at="2025-11-26T12:15:07 EET" name="Default suite" finished-at="2025-11-26T12:15:22 EET" duration-ms="15144">
    <groups>
      <group name="cucumber">
        <method signature="AbstractTestNGCucumberTests.runScenario(io.cucumber.testng.PickleWrapper,io.cucumber.testng.FeatureWrapper)[pri:0, instance:cucumberRahul.TestNGTestRunner@58a9760d]" name="runScenario" class="io.cucumber.testng.AbstractTestNGCucumberTests"/>
      </group> <!-- cucumber -->
    </groups>
    <test started-at="2025-11-26T12:15:07 EET" name="Default test" finished-at="2025-11-26T12:15:22 EET" duration-ms="15144">
      <class name="cucumberRahul.TestNGTestRunner">
        <test-method is-config="true" signature="setUpClass(org.testng.ITestContext)[pri:0, instance:cucumberRahul.TestNGTestRunner@58a9760d]" started-at="2025-11-26T12:15:07 EET" name="setUpClass" finished-at="2025-11-26T12:15:07 EET" duration-ms="628" status="PASS">
          <params>
            <param index="0">
              <value>
                <![CDATA[org.testng.TestRunner@46731692]]>
              </value>
            </param>
          </params>
          <reporter-output>
          </reporter-output>
        </test-method> <!-- setUpClass -->
        <test-method signature="runScenario(io.cucumber.testng.PickleWrapper,io.cucumber.testng.FeatureWrapper)[pri:0, instance:cucumberRahul.TestNGTestRunner@58a9760d]" started-at="2025-11-26T12:15:07 EET" name="runScenario" description="Runs Cucumber Scenarios" data-provider="scenarios" finished-at="2025-11-26T12:15:22 EET" duration-ms="14442" status="PASS">
          <params>
            <param index="0">
              <value>
                <![CDATA["User can search for a product"]]>
              </value>
            </param>
            <param index="1">
              <value>
                <![CDATA["User can search for a product"]]>
              </value>
            </param>
          </params>
          <reporter-output>
          </reporter-output>
        </test-method> <!-- runScenario -->
        <test-method is-config="true" signature="tearDownClass()[pri:0, instance:cucumberRahul.TestNGTestRunner@58a9760d]" started-at="2025-11-26T12:15:22 EET" name="tearDownClass" finished-at="2025-11-26T12:15:22 EET" duration-ms="30" status="PASS">
          <reporter-output>
          </reporter-output>
        </test-method> <!-- tearDownClass -->
      </class> <!-- cucumberRahul.TestNGTestRunner -->
    </test> <!-- Default test -->
  </suite> <!-- Default suite -->
</testng-results>
