<?xml version="1.0" encoding="UTF-8"?>
<!-- Generated by org.testng.reporters.JUnitReportReporter -->
<testsuite hostname="LEG-5CG5264MFQ" failures="0" tests="4" name="tests.Testcase9_RemoveProductTest" time="18.877" errors="0" timestamp="2025-12-12T15:47:06 EET" skipped="0">
  <testcase classname="tests.Testcase9_RemoveProductTest" name="UserCanLoginSuccessfully" time="2.306"/>
  <testcase classname="tests.Testcase9_RemoveProductTest" name="AddFirstProductTocart" time="8.969"/>
  <testcase classname="tests.Testcase9_RemoveProductTest" name="addSecondProductTocart" time="3.062"/>
  <testcase classname="tests.Testcase9_RemoveProductTest" name="removefromShoppingCart" time="4.540"/>
</testsuite> <!-- tests.Testcase9_RemoveProductTest -->
