<?xml version="1.0" encoding="UTF-8"?>
<!-- Generated by org.testng.reporters.JUnitReportReporter -->
<testsuite hostname="LEG-5CG5264MFQ" failures="0" tests="3" name="tests.Testcase3_DashboardTest" time="22.615" errors="0" timestamp="2025-12-02T13:12:27 EET" skipped="0">
  <testcase classname="tests.Testcase3_DashboardTest" name="UserCanLoginSuccessfully" time="1.646"/>
  <testcase classname="tests.Testcase3_DashboardTest" name="AddProductTocard" time="5.276"/>
  <testcase classname="tests.Testcase3_DashboardTest" name="shoppingCartPage" time="15.693"/>
</testsuite> <!-- tests.Testcase3_DashboardTest -->
