<?xml version="1.0" encoding="UTF-8"?>
<!-- Generated by org.testng.reporters.JUnitReportReporter -->
<testsuite hostname="LEG-5CG5264MFQ" failures="0" tests="3" name="cucumber_Archive.TestNGTestRunner" time="38.842" errors="1" timestamp="2025-11-12T23:05:46 EET" skipped="0">
  <testcase classname="cucumber_Archive.TestNGTestRunner" name="runScenario" time="8.934"/>
  <testcase classname="cucumber_Archive.TestNGTestRunner" name="runScenario" time="19.131">
    <error message="element not interactable: Element is not currently visible and may not be manipulated
  (Session info: chrome=142.0.7444.135)
Build info: version: &#039;4.37.0&#039;, revision: &#039;3c1da1e342&#039;
System info: os.name: &#039;Windows 11&#039;, os.arch: &#039;amd64&#039;, os.version: &#039;10.0&#039;, java.version: &#039;21.0.8&#039;
Driver info: org.openqa.selenium.chrome.ChromeDriver
Command: [a7a4343cbd671b402cdc05a2aa2d78a1, clickElement {id=f.70B4E2CDF921035CF7D0B34CDFA0A58E.d.2CB29EA76690C2E58F3A8D9CC81BB612.e.122}]
Capabilities {acceptInsecureCerts: false, browserName: chrome, browserVersion: 142.0.7444.135, chrome: {chromedriverVersion: 141.0.7390.78 (2b53b0e231fc..., userDataDir: C:\Users\mahelmy\AppData\Lo...}, fedcm:accounts: true, goog:chromeOptions: {debuggerAddress: localhost:62041}, networkConnectionEnabled: false, pageLoadStrategy: normal, platformName: windows, proxy: Proxy(), se:cdp: ws://localhost:62041/devtoo..., se:cdpVersion: 142.0.7444.135, setWindowRect: true, strictFileInteractability: false, timeouts: {implicit: 0, pageLoad: 300000, script: 30000}, unhandledPromptBehavior: dismiss and notify, webauthn:extension:credBlob: true, webauthn:extension:largeBlob: true, webauthn:extension:minPinLength: true, webauthn:extension:prf: true, webauthn:virtualAuthenticators: true}
Element: [[[[ChromeDriver: chrome on windows (a7a4343cbd671b402cdc05a2aa2d78a1)] -&gt; id: BillingNewAddress_CountryId]] -&gt; xpath: .//option[normalize-space(.) = &quot;Egypt&quot;]]
Session ID: a7a4343cbd671b402cdc05a2aa2d78a1" type="org.openqa.selenium.ElementNotInteractableException">
      <![CDATA[org.openqa.selenium.ElementNotInteractableException: element not interactable: Element is not currently visible and may not be manipulated
  (Session info: chrome=142.0.7444.135)
Build info: version: '4.37.0', revision: '3c1da1e342'
System info: os.name: 'Windows 11', os.arch: 'amd64', os.version: '10.0', java.version: '21.0.8'
Driver info: org.openqa.selenium.chrome.ChromeDriver
Command: [a7a4343cbd671b402cdc05a2aa2d78a1, clickElement {id=f.70B4E2CDF921035CF7D0B34CDFA0A58E.d.2CB29EA76690C2E58F3A8D9CC81BB612.e.122}]
Capabilities {acceptInsecureCerts: false, browserName: chrome, browserVersion: 142.0.7444.135, chrome: {chromedriverVersion: 141.0.7390.78 (2b53b0e231fc..., userDataDir: C:\Users\mahelmy\AppData\Lo...}, fedcm:accounts: true, goog:chromeOptions: {debuggerAddress: localhost:62041}, networkConnectionEnabled: false, pageLoadStrategy: normal, platformName: windows, proxy: Proxy(), se:cdp: ws://localhost:62041/devtoo..., se:cdpVersion: 142.0.7444.135, setWindowRect: true, strictFileInteractability: false, timeouts: {implicit: 0, pageLoad: 300000, script: 30000}, unhandledPromptBehavior: dismiss and notify, webauthn:extension:credBlob: true, webauthn:extension:largeBlob: true, webauthn:extension:minPinLength: true, webauthn:extension:prf: true, webauthn:virtualAuthenticators: true}
Element: [[[[ChromeDriver: chrome on windows (a7a4343cbd671b402cdc05a2aa2d78a1)] -> id: BillingNewAddress_CountryId]] -> xpath: .//option[normalize-space(.) = "Egypt"]]
Session ID: a7a4343cbd671b402cdc05a2aa2d78a1
at java.base/jdk.internal.reflect.DirectConstructorHandleAccessor.newInstance(DirectConstructorHandleAccessor.java:62)
at java.base/java.lang.reflect.Constructor.newInstanceWithCaller(Constructor.java:502)
at java.base/java.lang.reflect.Constructor.newInstance(Constructor.java:486)
at org.openqa.selenium.remote.ErrorCodec.decode(ErrorCodec.java:167)
at org.openqa.selenium.remote.codec.w3c.W3CHttpResponseCodec.decode(W3CHttpResponseCodec.java:138)
at org.openqa.selenium.remote.codec.w3c.W3CHttpResponseCodec.decode(W3CHttpResponseCodec.java:50)
at org.openqa.selenium.remote.HttpCommandExecutor.execute(HttpCommandExecutor.java:215)
at org.openqa.selenium.remote.service.DriverCommandExecutor.invokeExecute(DriverCommandExecutor.java:216)
at org.openqa.selenium.remote.service.DriverCommandExecutor.execute(DriverCommandExecutor.java:174)
at org.openqa.selenium.remote.RemoteWebDriver.execute(RemoteWebDriver.java:557)
at org.openqa.selenium.remote.RemoteWebElement.execute(RemoteWebElement.java:223)
at org.openqa.selenium.remote.RemoteWebElement.click(RemoteWebElement.java:76)
at org.openqa.selenium.support.ui.Select.setSelected(Select.java:330)
at org.openqa.selenium.support.ui.Select.selectByVisibleText(Select.java:355)
at org.openqa.selenium.support.ui.Select.selectByVisibleText(Select.java:125)
at pageObject.Checkoutpage.billingaddress(Checkoutpage.java:53)
at stepDefintion_Archive.stepDefinition_userDashboard.User_can_checkout(stepDefinition_userDashboard.java:47)
at âœ½.User can checkout(file:///C:/Users/mahelmy/eclipse-workspace/SampleWebShop/src/cucumber_Archive/3-Dashboard.feature:9)
]]>
    </error>
  </testcase> <!-- runScenario -->
  <testcase classname="cucumber_Archive.TestNGTestRunner" name="runScenario" time="10.777"/>
</testsuite> <!-- cucumber_Archive.TestNGTestRunner -->
