<?xml version="1.0" encoding="UTF-8"?>
<!-- Generated by org.testng.reporters.JUnitReportReporter -->
<testsuite hostname="LEG-5CG5264MFQ" failures="0" tests="2" name="tests.Testcase13_AddProductsToCart" time="56.880" errors="0" timestamp="2025-12-31T16:45:36 EET" skipped="0">
  <testcase classname="tests.Testcase13_AddProductsToCart" name="userCanselectProductsToCart" time="55.537"/>
  <testcase classname="tests.Testcase13_AddProductsToCart" name="UserCanloginuccessfully" time="1.343"/>
</testsuite> <!-- tests.Testcase13_AddProductsToCart -->
