<?xml version="1.0" encoding="UTF-8"?>
<!-- Generated by org.testng.reporters.JUnitReportReporter -->
<testsuite hostname="LEG-5CG5264MFQ" failures="0" tests="2" name="tests.Testcase_12_MyAccount" time="6.750" errors="0" timestamp="2025-12-31T14:08:09 EET" skipped="0">
  <testcase classname="tests.Testcase_12_MyAccount" name="UserCanloginuccessfully" time="1.377"/>
  <testcase classname="tests.Testcase_12_MyAccount" name="userCanchangepassword" time="5.373"/>
</testsuite> <!-- tests.Testcase_12_MyAccount -->
