<?xml version="1.0" encoding="UTF-8"?>
<!-- Generated by org.testng.reporters.JUnitReportReporter -->
<testsuite hostname="LEG-5CG5264MFQ" failures="0" tests="5" name="tests.Testcase9_InvoiceAfterPurchase" time="35.982" errors="0" timestamp="2025-12-04T11:58:45 EET" skipped="0">
  <testcase classname="tests.Testcase9_InvoiceAfterPurchase" name="UserCanLoginSuccessfully" time="1.584"/>
  <testcase classname="tests.Testcase9_InvoiceAfterPurchase" name="AddProductTocard" time="6.598"/>
  <testcase classname="tests.Testcase9_InvoiceAfterPurchase" name="verifyItemisaddedtoProductscart" time="3.858"/>
  <testcase classname="tests.Testcase9_InvoiceAfterPurchase" name="selectotherItem" time="22.620"/>
  <testcase classname="tests.Testcase9_InvoiceAfterPurchase" name="verifyPDFisDowloadedSuccessfully" time="1.322"/>
</testsuite> <!-- tests.Testcase9_InvoiceAfterPurchase -->
