<?xml version="1.0" encoding="UTF-8"?>
<!-- Generated by org.testng.reporters.JUnitReportReporter -->
<testsuite hostname="LEG-5CG5264MFQ" failures="0" tests="2" name="tests.Testcase_2_LoginTest" time="3.635" errors="0" timestamp="2025-12-31T13:39:37 EET" skipped="0">
  <testcase classname="tests.Testcase_2_LoginTest" name="UserCanloginuccessfully" time="1.820"/>
  <testcase classname="tests.Testcase_2_LoginTest" name="UserCanloginuccessfully" time="1.815"/>
</testsuite> <!-- tests.Testcase_2_LoginTest -->
