<?xml version="1.0" encoding="UTF-8"?>
<!-- Generated by org.testng.reporters.JUnitReportReporter -->
<testsuite hostname="LEG-5CG5264MFQ" failures="0" tests="2" name="tests.Testcase4_SendEmailTest" time="15.652" errors="0" timestamp="2025-12-02T11:18:55 EET" skipped="0">
  <testcase classname="tests.Testcase4_SendEmailTest" name="UserCanLoginSuccessfully" time="1.620"/>
  <testcase classname="tests.Testcase4_SendEmailTest" name="UserCanSendEmailSuccessfully" time="14.032"/>
</testsuite> <!-- tests.Testcase4_SendEmailTest -->
