<?xml version="1.0" encoding="UTF-8"?>
<!-- Generated by org.testng.reporters.JUnitReportReporter -->
<testsuite hostname="LEG-5CG5264MFQ" failures="0" tests="2" name="tests.Testcase6_WishlistTest" time="6.846" errors="0" timestamp="2025-12-02T11:19:26 EET" skipped="0">
  <testcase classname="tests.Testcase6_WishlistTest" name="UserCanLoginSuccessfully" time="1.605"/>
  <testcase classname="tests.Testcase6_WishlistTest" name="selectItem" time="5.241"/>
</testsuite> <!-- tests.Testcase6_WishlistTest -->
