<?xml version="1.0" encoding="UTF-8"?>
<!-- Generated by org.testng.reporters.JUnitReportReporter -->
<testsuite hostname="LEG-5CG5264MFQ" failures="0" tests="5" name="tests.Testcase9_InvoiceAfterPurchase" time="35.395" errors="0" timestamp="2025-12-02T13:11:06 EET" skipped="0">
  <testcase classname="tests.Testcase9_InvoiceAfterPurchase" name="UserCanLoginSuccessfully" time="1.659"/>
  <testcase classname="tests.Testcase9_InvoiceAfterPurchase" name="AddProductTocard" time="6.439"/>
  <testcase classname="tests.Testcase9_InvoiceAfterPurchase" name="verifyItemisaddedtoProductscart" time="4.028"/>
  <testcase classname="tests.Testcase9_InvoiceAfterPurchase" name="selectotherItem" time="21.945"/>
  <testcase classname="tests.Testcase9_InvoiceAfterPurchase" name="verifyPDFisDowloadedSuccessfully" time="1.324"/>
</testsuite> <!-- tests.Testcase9_InvoiceAfterPurchase -->
