<?xml version="1.0" encoding="UTF-8"?>
<!-- Generated by org.testng.reporters.JUnitReportReporter -->
<testsuite hostname="LEG-5CG5264MFQ" failures="0" tests="2" name="tests.Testcase6_WishlistTest" time="3.722" errors="0" timestamp="2025-12-05T12:08:51 EET" skipped="0">
  <testcase classname="tests.Testcase6_WishlistTest" name="UserCanLoginSuccessfully" time="1.590"/>
  <testcase classname="tests.Testcase6_WishlistTest" name="selectItem" time="2.132"/>
</testsuite> <!-- tests.Testcase6_WishlistTest -->
