<?xml version="1.0" encoding="UTF-8"?>
<!-- Generated by org.testng.reporters.JUnitReportReporter -->
<testsuite hostname="LEG-5CG5264MFQ" failures="0" tests="2" name="tests.Testcase4_SendEmailTest" time="14.156" errors="0" timestamp="2025-12-05T12:08:51 EET" skipped="0">
  <testcase classname="tests.Testcase4_SendEmailTest" name="UserCanLoginSuccessfully" time="1.515"/>
  <testcase classname="tests.Testcase4_SendEmailTest" name="UserCanSendEmailSuccessfully" time="12.641"/>
</testsuite> <!-- tests.Testcase4_SendEmailTest -->
