<?xml version="1.0" encoding="UTF-8"?>
<!-- Generated by org.testng.reporters.JUnitReportReporter -->
<testsuite hostname="LEG-5CG5264MFQ" failures="0" tests="2" name="tests.Testcase12_MyAccount" time="57.956" errors="0" timestamp="2025-12-31T16:01:30 EET" skipped="0">
  <testcase classname="tests.Testcase12_MyAccount" name="UserCanloginuccessfully" time="1.399"/>
  <testcase classname="tests.Testcase12_MyAccount" name="userCheckListsInMyAccount" time="56.557"/>
</testsuite> <!-- tests.Testcase12_MyAccount -->
