<?xml version="1.0" encoding="UTF-8"?>
<!-- Generated by org.testng.reporters.JUnitReportReporter -->
<testsuite hostname="LEG-5CG5264MFQ" failures="0" tests="3" name="tests.Testcase7_SearchProduct" time="9.719" errors="0" timestamp="2025-12-02T11:20:01 EET" skipped="0">
  <testcase classname="tests.Testcase7_SearchProduct" name="UserCanLoginSuccessfully" time="1.806"/>
  <testcase classname="tests.Testcase7_SearchProduct" name="UsercanSearchforProduct" time="4.293"/>
  <testcase classname="tests.Testcase7_SearchProduct" name="UsercanaddtoCart" time="3.620"/>
</testsuite> <!-- tests.Testcase7_SearchProduct -->
