<?xml version="1.0" encoding="UTF-8"?>
<!-- Generated by org.testng.reporters.JUnitReportReporter -->
<testsuite hostname="LEG-5CG5264MFQ" failures="0" tests="1" name="cucumber.TestNGTestRunner" time="0.142" errors="1" timestamp="2025-11-11T21:39:50 EET" skipped="0">
  <testcase classname="cucumber.TestNGTestRunner" name="runScenario" time="0.142">
    <error message="Cannot invoke &quot;org.openqa.selenium.SearchContext.findElement(org.openqa.selenium.By)&quot; because &quot;this.searchContext&quot; is null" type="java.lang.NullPointerException">
      <![CDATA[java.lang.NullPointerException: Cannot invoke "org.openqa.selenium.SearchContext.findElement(org.openqa.selenium.By)" because "this.searchContext" is null
at org.openqa.selenium.support.pagefactory.DefaultElementLocator.findElement(DefaultElementLocator.java:68)
at org.openqa.selenium.support.pagefactory.internal.LocatingElementHandler.invoke(LocatingElementHandler.java:38)
at jdk.proxy2/jdk.proxy2.$Proxy21.click(Unknown Source)
at pageObject.HomePage.openRegistrationPage(HomePage.java:23)
at stepDefintion.stepDefinition_userRegistertion.User_open_Register_page(stepDefinition_userRegistertion.java:31)
at âœ½.User open Register page(file:///C:/Users/mahelmy/eclipse-workspace/SampleWebShop/src/cucumber/Register.feature:6)
]]>
    </error>
  </testcase> <!-- runScenario -->
</testsuite> <!-- cucumber.TestNGTestRunner -->
