<?xml version="1.0" encoding="UTF-8"?>
<!-- Generated by org.testng.reporters.JUnitReportReporter -->
<testsuite hostname="LEG-5CG5264MFQ" failures="0" tests="2" name="tests.Testcase2_LoginTest" time="4.120" errors="0" timestamp="2025-11-24T15:02:56 EET" skipped="0">
  <testcase classname="tests.Testcase2_LoginTest" name="UserCanloginuccessfully" time="2.137"/>
  <testcase classname="tests.Testcase2_LoginTest" name="UserCanloginuccessfully" time="1.983"/>
</testsuite> <!-- tests.Testcase2_LoginTest -->
