<?xml version="1.0" encoding="UTF-8"?>
<!-- Generated by org.testng.reporters.JUnitReportReporter -->
<testsuite hostname="LEG-5CG5264MFQ" failures="0" tests="2" name="tests.Testcase8_CustomerInfo" time="6.788" errors="0" timestamp="2025-12-02T11:20:53 EET" skipped="0">
  <testcase classname="tests.Testcase8_CustomerInfo" name="UserCanLoginSuccessfully" time="1.807"/>
  <testcase classname="tests.Testcase8_CustomerInfo" name="userCanchangepassword" time="4.981"/>
</testsuite> <!-- tests.Testcase8_CustomerInfo -->
